Performing C SOURCE FILE Test CMAKE_HAVE_LIBC_PTHREAD failed with the following output:
Change Dir: /home/avya/Documents/thermalspray_cell/catkin_ws/src/cmake-build-debug/CMakeFiles/CMakeTmp

Run Build Command(s):/usr/bin/make -f Makefile cmTC_07587/fast && /usr/bin/make  -f CMakeFiles/cmTC_07587.dir/build.make CMakeFiles/cmTC_07587.dir/build
make[1]: Entering directory '/home/avya/Documents/thermalspray_cell/catkin_ws/src/cmake-build-debug/CMakeFiles/CMakeTmp'
Building C object CMakeFiles/cmTC_07587.dir/src.c.o
/usr/bin/cc -DCMAKE_HAVE_LIBC_PTHREAD   -o CMakeFiles/cmTC_07587.dir/src.c.o -c /home/avya/Documents/thermalspray_cell/catkin_ws/src/cmake-build-debug/CMakeFiles/CMakeTmp/src.c
Linking C executable cmTC_07587
/snap/clion/175/bin/cmake/linux/bin/cmake -E cmake_link_script CMakeFiles/cmTC_07587.dir/link.txt --verbose=1
/usr/bin/cc -rdynamic CMakeFiles/cmTC_07587.dir/src.c.o -o cmTC_07587 
CMakeFiles/cmTC_07587.dir/src.c.o: In function `main':
src.c:(.text+0x3e): undefined reference to `pthread_create'
src.c:(.text+0x4a): undefined reference to `pthread_detach'
src.c:(.text+0x56): undefined reference to `pthread_cancel'
src.c:(.text+0x67): undefined reference to `pthread_join'
src.c:(.text+0x7b): undefined reference to `pthread_atfork'
collect2: error: ld returned 1 exit status
CMakeFiles/cmTC_07587.dir/build.make:98: recipe for target 'cmTC_07587' failed
make[1]: *** [cmTC_07587] Error 1
make[1]: Leaving directory '/home/avya/Documents/thermalspray_cell/catkin_ws/src/cmake-build-debug/CMakeFiles/CMakeTmp'
Makefile:127: recipe for target 'cmTC_07587/fast' failed
make: *** [cmTC_07587/fast] Error 2


Source file was:
#include <pthread.h>

static void* test_func(void* data)
{
  return data;
}

int main(void)
{
  pthread_t thread;
  pthread_create(&thread, NULL, test_func, NULL);
  pthread_detach(thread);
  pthread_cancel(thread);
  pthread_join(thread, NULL);
  pthread_atfork(NULL, NULL, NULL);
  pthread_exit(NULL);

  return 0;
}

Determining if the function pthread_create exists in the pthreads failed with the following output:
Change Dir: /home/avya/Documents/thermalspray_cell/catkin_ws/src/cmake-build-debug/CMakeFiles/CMakeTmp

Run Build Command(s):/usr/bin/make -f Makefile cmTC_71cd3/fast && /usr/bin/make  -f CMakeFiles/cmTC_71cd3.dir/build.make CMakeFiles/cmTC_71cd3.dir/build
make[1]: Entering directory '/home/avya/Documents/thermalspray_cell/catkin_ws/src/cmake-build-debug/CMakeFiles/CMakeTmp'
Building C object CMakeFiles/cmTC_71cd3.dir/CheckFunctionExists.c.o
/usr/bin/cc   -DCHECK_FUNCTION_EXISTS=pthread_create -o CMakeFiles/cmTC_71cd3.dir/CheckFunctionExists.c.o -c /snap/clion/175/bin/cmake/linux/share/cmake-3.21/Modules/CheckFunctionExists.c
Linking C executable cmTC_71cd3
/snap/clion/175/bin/cmake/linux/bin/cmake -E cmake_link_script CMakeFiles/cmTC_71cd3.dir/link.txt --verbose=1
/usr/bin/cc  -DCHECK_FUNCTION_EXISTS=pthread_create -rdynamic CMakeFiles/cmTC_71cd3.dir/CheckFunctionExists.c.o -o cmTC_71cd3  -lpthreads 
/usr/bin/ld: cannot find -lpthreads
collect2: error: ld returned 1 exit status
CMakeFiles/cmTC_71cd3.dir/build.make:98: recipe for target 'cmTC_71cd3' failed
make[1]: *** [cmTC_71cd3] Error 1
make[1]: Leaving directory '/home/avya/Documents/thermalspray_cell/catkin_ws/src/cmake-build-debug/CMakeFiles/CMakeTmp'
Makefile:127: recipe for target 'cmTC_71cd3/fast' failed
make: *** [cmTC_71cd3/fast] Error 2



Determining if the function sgemm_ exists failed with the following output:
Change Dir: /home/avya/Documents/thermalspray_cell/catkin_ws/src/cmake-build-debug/CMakeFiles/CMakeTmp

Run Build Command(s):/usr/bin/make -f Makefile cmTC_87e04/fast && /usr/bin/make  -f CMakeFiles/cmTC_87e04.dir/build.make CMakeFiles/cmTC_87e04.dir/build
make[1]: Entering directory '/home/avya/Documents/thermalspray_cell/catkin_ws/src/cmake-build-debug/CMakeFiles/CMakeTmp'
Building C object CMakeFiles/cmTC_87e04.dir/CheckFunctionExists.c.o
/usr/bin/cc   -DCHECK_FUNCTION_EXISTS=sgemm_ -o CMakeFiles/cmTC_87e04.dir/CheckFunctionExists.c.o -c /snap/clion/175/bin/cmake/linux/share/cmake-3.21/Modules/CheckFunctionExists.c
Linking C executable cmTC_87e04
/snap/clion/175/bin/cmake/linux/bin/cmake -E cmake_link_script CMakeFiles/cmTC_87e04.dir/link.txt --verbose=1
/usr/bin/cc  -DCHECK_FUNCTION_EXISTS=sgemm_ -rdynamic CMakeFiles/cmTC_87e04.dir/CheckFunctionExists.c.o -o cmTC_87e04 
CMakeFiles/cmTC_87e04.dir/CheckFunctionExists.c.o: In function `main':
CheckFunctionExists.c:(.text+0x10): undefined reference to `sgemm_'
collect2: error: ld returned 1 exit status
CMakeFiles/cmTC_87e04.dir/build.make:98: recipe for target 'cmTC_87e04' failed
make[1]: *** [cmTC_87e04] Error 1
make[1]: Leaving directory '/home/avya/Documents/thermalspray_cell/catkin_ws/src/cmake-build-debug/CMakeFiles/CMakeTmp'
Makefile:127: recipe for target 'cmTC_87e04/fast' failed
make: *** [cmTC_87e04/fast] Error 2



Determining if the function sgemm_ exists failed with the following output:
Change Dir: /home/avya/Documents/thermalspray_cell/catkin_ws/src/cmake-build-debug/CMakeFiles/CMakeTmp

Run Build Command(s):/usr/bin/make -f Makefile cmTC_594f6/fast && /usr/bin/make  -f CMakeFiles/cmTC_594f6.dir/build.make CMakeFiles/cmTC_594f6.dir/build
make[1]: Entering directory '/home/avya/Documents/thermalspray_cell/catkin_ws/src/cmake-build-debug/CMakeFiles/CMakeTmp'
Building C object CMakeFiles/cmTC_594f6.dir/CheckFunctionExists.c.o
/usr/bin/cc   -DCHECK_FUNCTION_EXISTS=sgemm_ -o CMakeFiles/cmTC_594f6.dir/CheckFunctionExists.c.o -c /snap/clion/175/bin/cmake/linux/share/cmake-3.21/Modules/CheckFunctionExists.c
Linking C executable cmTC_594f6
/snap/clion/175/bin/cmake/linux/bin/cmake -E cmake_link_script CMakeFiles/cmTC_594f6.dir/link.txt --verbose=1
/usr/bin/cc  -DCHECK_FUNCTION_EXISTS=sgemm_ -rdynamic CMakeFiles/cmTC_594f6.dir/CheckFunctionExists.c.o -o cmTC_594f6  -SSL2 
cc: error: unrecognized command line option ‘-SSL2’
CMakeFiles/cmTC_594f6.dir/build.make:98: recipe for target 'cmTC_594f6' failed
make[1]: *** [cmTC_594f6] Error 1
make[1]: Leaving directory '/home/avya/Documents/thermalspray_cell/catkin_ws/src/cmake-build-debug/CMakeFiles/CMakeTmp'
Makefile:127: recipe for target 'cmTC_594f6/fast' failed
make: *** [cmTC_594f6/fast] Error 2



Determining if the function cheev_ exists failed with the following output:
Change Dir: /home/avya/Documents/thermalspray_cell/catkin_ws/src/cmake-build-debug/CMakeFiles/CMakeTmp

Run Build Command(s):/usr/bin/make -f Makefile cmTC_d5e2b/fast && /usr/bin/make  -f CMakeFiles/cmTC_d5e2b.dir/build.make CMakeFiles/cmTC_d5e2b.dir/build
make[1]: Entering directory '/home/avya/Documents/thermalspray_cell/catkin_ws/src/cmake-build-debug/CMakeFiles/CMakeTmp'
Building C object CMakeFiles/cmTC_d5e2b.dir/CheckFunctionExists.c.o
/usr/bin/cc   -DCHECK_FUNCTION_EXISTS=cheev_ -o CMakeFiles/cmTC_d5e2b.dir/CheckFunctionExists.c.o -c /snap/clion/175/bin/cmake/linux/share/cmake-3.21/Modules/CheckFunctionExists.c
Linking C executable cmTC_d5e2b
/snap/clion/175/bin/cmake/linux/bin/cmake -E cmake_link_script CMakeFiles/cmTC_d5e2b.dir/link.txt --verbose=1
/usr/bin/cc  -DCHECK_FUNCTION_EXISTS=cheev_ -rdynamic CMakeFiles/cmTC_d5e2b.dir/CheckFunctionExists.c.o -o cmTC_d5e2b  /usr/lib/x86_64-linux-gnu/libblas.so -lpthread -lm -ldl 
CMakeFiles/cmTC_d5e2b.dir/CheckFunctionExists.c.o: In function `main':
CheckFunctionExists.c:(.text+0x10): undefined reference to `cheev_'
collect2: error: ld returned 1 exit status
CMakeFiles/cmTC_d5e2b.dir/build.make:99: recipe for target 'cmTC_d5e2b' failed
make[1]: *** [cmTC_d5e2b] Error 1
make[1]: Leaving directory '/home/avya/Documents/thermalspray_cell/catkin_ws/src/cmake-build-debug/CMakeFiles/CMakeTmp'
Makefile:127: recipe for target 'cmTC_d5e2b/fast' failed
make: *** [cmTC_d5e2b/fast] Error 2



Determining if the function cheev_ exists failed with the following output:
Change Dir: /home/avya/Documents/thermalspray_cell/catkin_ws/src/cmake-build-debug/CMakeFiles/CMakeTmp

Run Build Command(s):/usr/bin/make -f Makefile cmTC_2c35d/fast && /usr/bin/make  -f CMakeFiles/cmTC_2c35d.dir/build.make CMakeFiles/cmTC_2c35d.dir/build
make[1]: Entering directory '/home/avya/Documents/thermalspray_cell/catkin_ws/src/cmake-build-debug/CMakeFiles/CMakeTmp'
Building C object CMakeFiles/cmTC_2c35d.dir/CheckFunctionExists.c.o
/usr/bin/cc   -DCHECK_FUNCTION_EXISTS=cheev_ -o CMakeFiles/cmTC_2c35d.dir/CheckFunctionExists.c.o -c /snap/clion/175/bin/cmake/linux/share/cmake-3.21/Modules/CheckFunctionExists.c
Linking C executable cmTC_2c35d
/snap/clion/175/bin/cmake/linux/bin/cmake -E cmake_link_script CMakeFiles/cmTC_2c35d.dir/link.txt --verbose=1
/usr/bin/cc  -DCHECK_FUNCTION_EXISTS=cheev_ -rdynamic CMakeFiles/cmTC_2c35d.dir/CheckFunctionExists.c.o -o cmTC_2c35d  -SSL2 /usr/lib/x86_64-linux-gnu/libblas.so 
cc: error: unrecognized command line option ‘-SSL2’
CMakeFiles/cmTC_2c35d.dir/build.make:99: recipe for target 'cmTC_2c35d' failed
make[1]: *** [cmTC_2c35d] Error 1
make[1]: Leaving directory '/home/avya/Documents/thermalspray_cell/catkin_ws/src/cmake-build-debug/CMakeFiles/CMakeTmp'
Makefile:127: recipe for target 'cmTC_2c35d/fast' failed
make: *** [cmTC_2c35d/fast] Error 2



Determining if the function cheev_ exists failed with the following output:
Change Dir: /home/avya/Documents/thermalspray_cell/catkin_ws/src/cmake-build-debug/CMakeFiles/CMakeTmp

Run Build Command(s):/usr/bin/make -f Makefile cmTC_eb709/fast && /usr/bin/make  -f CMakeFiles/cmTC_eb709.dir/build.make CMakeFiles/cmTC_eb709.dir/build
make[1]: Entering directory '/home/avya/Documents/thermalspray_cell/catkin_ws/src/cmake-build-debug/CMakeFiles/CMakeTmp'
Building C object CMakeFiles/cmTC_eb709.dir/CheckFunctionExists.c.o
/usr/bin/cc   -DCHECK_FUNCTION_EXISTS=cheev_ -o CMakeFiles/cmTC_eb709.dir/CheckFunctionExists.c.o -c /snap/clion/175/bin/cmake/linux/share/cmake-3.21/Modules/CheckFunctionExists.c
Linking C executable cmTC_eb709
/snap/clion/175/bin/cmake/linux/bin/cmake -E cmake_link_script CMakeFiles/cmTC_eb709.dir/link.txt --verbose=1
/usr/bin/cc  -DCHECK_FUNCTION_EXISTS=cheev_ -rdynamic CMakeFiles/cmTC_eb709.dir/CheckFunctionExists.c.o -o cmTC_eb709  /usr/lib/x86_64-linux-gnu/liblapack.so /usr/lib/x86_64-linux-gnu/libblas.so -fortranlibs 
cc: error: unrecognized command line option ‘-fortranlibs’; did you mean ‘-fltrans’?
CMakeFiles/cmTC_eb709.dir/build.make:100: recipe for target 'cmTC_eb709' failed
make[1]: *** [cmTC_eb709] Error 1
make[1]: Leaving directory '/home/avya/Documents/thermalspray_cell/catkin_ws/src/cmake-build-debug/CMakeFiles/CMakeTmp'
Makefile:127: recipe for target 'cmTC_eb709/fast' failed
make: *** [cmTC_eb709/fast] Error 2



